生成启动时间为 2016/11/14 16:26:57。
     1>项目“D:\SourceCode\C++Code\Compilor\Compilor\Compilor.vcxproj”在节点 2 上(Build 个目标)。
     1>ClCompile:
         D:\VS2013\VC\bin\CL.exe /c /Zi /nologo /W3 /WX- /sdl /O2 /Oi /Oy- /GL /D WIN32 /D NDEBUG /D _CONSOLE /D _LIB /D _UNICODE /D UNICODE /Gm- /EHsc /MD /GS /Gy /fp:precise /Zc:wchar_t /Zc:forScope /Yc"stdafx.h" /Fp"Release\Compilor.pch" /Fo"Release\\" /Fd"Release\vc120.pdb" /Gd /TP /analyze- /errorReport:prompt stdafx.cpp
         stdafx.cpp
         D:\VS2013\VC\bin\CL.exe /c /Zi /nologo /W3 /WX- /sdl /O2 /Oi /Oy- /GL /D WIN32 /D NDEBUG /D _CONSOLE /D _LIB /D _UNICODE /D UNICODE /Gm- /EHsc /MD /GS /Gy /fp:precise /Zc:wchar_t /Zc:forScope /Yu"stdafx.h" /Fp"Release\Compilor.pch" /Fo"Release\\" /Fd"Release\vc120.pdb" /Gd /TP /analyze- /errorReport:prompt Compilor.cpp PL0.cpp
         Compilor.cpp
         PL0.cpp
     1>PL0.cpp(641): warning C4258: “i”: 忽略 For 循环中的定义；使用封闭范围中的定义
                 PL0.cpp(623) : 忽略“i”的定义
                 PL0.cpp(503) : 使用“i”的定义
     1>PL0.cpp(642): warning C4258: “i”: 忽略 For 循环中的定义；使用封闭范围中的定义
                 PL0.cpp(623) : 忽略“i”的定义
                 PL0.cpp(503) : 使用“i”的定义
       Link:
         D:\VS2013\VC\bin\link.exe /ERRORREPORT:PROMPT /OUT:"D:\SourceCode\C++Code\Compilor\Release\Compilor.exe" /INCREMENTAL:NO /NOLOGO kernel32.lib user32.lib gdi32.lib winspool.lib comdlg32.lib advapi32.lib shell32.lib ole32.lib oleaut32.lib uuid.lib odbc32.lib odbccp32.lib /MANIFEST /MANIFESTUAC:"level='asInvoker' uiAccess='false'" /manifest:embed /DEBUG /PDB:"D:\SourceCode\C++Code\Compilor\Release\Compilor.pdb" /SUBSYSTEM:CONSOLE /OPT:REF /OPT:ICF /LTCG /TLBID:1 /DYNAMICBASE /NXCOMPAT /IMPLIB:"D:\SourceCode\C++Code\Compilor\Release\Compilor.lib" /MACHINE:X86 /SAFESEH Release\Compilor.obj
         Release\PL0.obj
         Release\stdafx.obj
         正在生成代码
         已完成代码的生成
         Compilor.vcxproj -> D:\SourceCode\C++Code\Compilor\Release\Compilor.exe
     1>已完成生成项目“D:\SourceCode\C++Code\Compilor\Compilor\Compilor.vcxproj”(Build 个目标)的操作。

生成成功。

已用时间 00:00:08.18
